2016-03-26 23:01:39,293 INFO  [org.eclim.eclipse.EclimDaemon] Workspace: /Users/Xiong/Work/Study/ECP/SoftwareEngineering/Project/Software-Engineering-Project
2016-03-26 23:01:39,295 INFO  [org.eclim.eclipse.EclimDaemon] Home: /opt/homebrew-cask/Caskroom/eclipse-ide/4.5.1/Eclipse.app/Contents/Eclipse/plugins/org.eclim_2.5.0/
2016-03-26 23:01:39,295 INFO  [org.eclim.eclipse.EclimDaemon] Starting eclim...
2016-03-26 23:01:39,305 INFO  [org.eclim.eclipse.EclimDaemon] Loading plugin org.eclim
2016-03-26 23:01:39,307 INFO  [org.eclim.eclipse.EclimDaemon] Loading plugin org.eclim.core
2016-03-26 23:01:39,485 INFO  [org.eclim.plugin.core.CorePlugin] Loading eclim plugins...
2016-03-26 23:01:39,510 INFO  [org.eclim.plugin.core.CorePlugin] Loading plugin org.eclim.jdt
2016-03-26 23:01:39,511 INFO  [org.eclim.plugin.core.CorePlugin] Plugins loaded.
2016-03-26 23:01:39,511 INFO  [org.eclim.eclipse.EclimDaemon] Loaded plugin org.eclim.core
2016-03-26 23:01:39,512 INFO  [org.eclim.eclipse.EclimDaemon] Waiting on running jobs before starting eclimd...
2016-03-26 23:01:42,517 INFO  [org.eclim.eclipse.EclimDaemon] Jobs finished.
2016-03-26 23:01:42,517 INFO  [org.eclim.eclipse.EclimDaemon] Eclim Server Started on: 127.0.0.1:9091
2016-03-26 23:02:53,723 INFO  [org.eclim.eclipse.EclimDaemon] Shutting down eclim...
2016-03-26 23:02:53,727 INFO  [org.eclim.eclipse.EclimDaemon] Stopping plugin org.eclim.core
2016-03-26 23:02:53,728 INFO  [org.eclim.plugin.core.CorePlugin] Stopping plugin org.eclim.jdt
2016-03-26 23:02:53,729 INFO  [org.eclim.eclipse.EclimDaemon] Eclim stopped.
2016-03-27 14:25:33,318 INFO  [org.eclim.eclipse.EclimDaemon] Workspace: /Users/Xiong/Work/Study/ECP/SoftwareEngineering/Project/Software-Engineering-Project
2016-03-27 14:25:33,321 INFO  [org.eclim.eclipse.EclimDaemon] Home: /opt/homebrew-cask/Caskroom/eclipse-ide/4.5.1/Eclipse.app/Contents/Eclipse/plugins/org.eclim_2.5.0/
2016-03-27 14:25:33,321 INFO  [org.eclim.eclipse.EclimDaemon] Starting eclim...
2016-03-27 14:25:33,336 INFO  [org.eclim.eclipse.EclimDaemon] Loading plugin org.eclim
2016-03-27 14:25:33,338 INFO  [org.eclim.eclipse.EclimDaemon] Loading plugin org.eclim.core
2016-03-27 14:25:33,468 INFO  [org.eclim.plugin.core.CorePlugin] Loading eclim plugins...
2016-03-27 14:25:33,477 INFO  [org.eclim.plugin.core.CorePlugin] Loading plugin org.eclim.jdt
2016-03-27 14:25:33,478 INFO  [org.eclim.plugin.core.CorePlugin] Plugins loaded.
2016-03-27 14:25:33,478 INFO  [org.eclim.eclipse.EclimDaemon] Loaded plugin org.eclim.core
2016-03-27 14:25:33,479 INFO  [org.eclim.eclipse.EclimDaemon] Waiting on running jobs before starting eclimd...
2016-03-27 14:25:34,483 INFO  [org.eclim.eclipse.EclimDaemon] Jobs finished.
2016-03-27 14:25:34,484 INFO  [org.eclim.eclipse.EclimDaemon] Eclim Server Started on: 127.0.0.1:9091
2016-03-27 14:28:00,492 INFO  [org.eclim.eclipse.EclimDaemon] Shutting down eclim...
2016-03-27 14:28:00,501 INFO  [org.eclim.eclipse.EclimDaemon] Stopping plugin org.eclim.core
2016-03-27 14:28:00,502 INFO  [org.eclim.plugin.core.CorePlugin] Stopping plugin org.eclim.jdt
2016-03-27 14:28:00,503 INFO  [org.eclim.eclipse.EclimDaemon] Eclim stopped.
2016-03-27 15:23:02,893 INFO  [org.eclim.eclipse.EclimDaemon] Workspace: /Users/Xiong/Work/Study/ECP/SoftwareEngineering/Project/Software-Engineering-Project
2016-03-27 15:23:02,896 INFO  [org.eclim.eclipse.EclimDaemon] Home: /opt/homebrew-cask/Caskroom/eclipse-ide/4.5.1/Eclipse.app/Contents/Eclipse/plugins/org.eclim_2.5.0/
2016-03-27 15:23:02,896 INFO  [org.eclim.eclipse.EclimDaemon] Starting eclim...
2016-03-27 15:23:02,912 INFO  [org.eclim.eclipse.EclimDaemon] Loading plugin org.eclim
2016-03-27 15:23:02,915 INFO  [org.eclim.eclipse.EclimDaemon] Loading plugin org.eclim.core
2016-03-27 15:23:03,075 INFO  [org.eclim.plugin.core.CorePlugin] Loading eclim plugins...
2016-03-27 15:23:03,084 INFO  [org.eclim.plugin.core.CorePlugin] Loading plugin org.eclim.jdt
2016-03-27 15:23:03,085 INFO  [org.eclim.plugin.core.CorePlugin] Plugins loaded.
2016-03-27 15:23:03,085 INFO  [org.eclim.eclipse.EclimDaemon] Loaded plugin org.eclim.core
2016-03-27 15:23:03,087 INFO  [org.eclim.eclipse.EclimDaemon] Waiting on running jobs before starting eclimd...
2016-03-27 15:23:05,088 INFO  [org.eclim.eclipse.EclimDaemon] Jobs finished.
2016-03-27 15:23:05,089 INFO  [org.eclim.eclipse.EclimDaemon] Eclim Server Started on: 127.0.0.1:9091
